Analysis & Synthesis report for mips
Mon Dec 10 21:53:43 2012
Quartus II 32-bit Version 12.0 Build 263 08/02/2012 Service Pack 2 SJ Web Edition


---------------------
; Table of Contents ;
---------------------
  1. Legal Notice
  2. Analysis & Synthesis Summary
  3. Analysis & Synthesis Settings
  4. Parallel Compilation
  5. Analysis & Synthesis Source Files Read
  6. Analysis & Synthesis Resource Usage Summary
  7. Analysis & Synthesis Resource Utilization by Entity
  8. Analysis & Synthesis RAM Summary
  9. Registers Removed During Synthesis
 10. General Register Statistics
 11. Inverted Register Statistics
 12. Multiplexer Restructuring Statistics (Restructuring Performed)
 13. Source assignments for Ifetch:IFE|altsyncram:inst_memory|altsyncram_75n3:auto_generated
 14. Source assignments for dmemory:MEM|altsyncram:data_memory|altsyncram_2cp3:auto_generated
 15. Parameter Settings for User Entity Instance: Ifetch:IFE|altsyncram:inst_memory
 16. Parameter Settings for User Entity Instance: dmemory:MEM|altsyncram:data_memory
 17. altsyncram Parameter Settings by Entity Instance
 18. Port Connectivity Checks: "Idecode:ID"
 19. Elapsed Time Per Partition
 20. Analysis & Synthesis Messages



----------------
; Legal Notice ;
----------------
Copyright (C) 1991-2012 Altera Corporation
Your use of Altera Corporation's design tools, logic functions 
and other software and tools, and its AMPP partner logic 
functions, and any output files from any of the foregoing 
(including device programming or simulation files), and any 
associated documentation or information are expressly subject 
to the terms and conditions of the Altera Program License 
Subscription Agreement, Altera MegaCore Function License 
Agreement, or other applicable license agreement, including, 
without limitation, that your use is for the sole purpose of 
programming logic devices manufactured by Altera and sold by 
Altera or its authorized distributors.  Please refer to the 
applicable agreement for further details.



+------------------------------------------------------------------------------------+
; Analysis & Synthesis Summary                                                       ;
+------------------------------------+-----------------------------------------------+
; Analysis & Synthesis Status        ; Successful - Mon Dec 10 21:53:43 2012         ;
; Quartus II 32-bit Version          ; 12.0 Build 263 08/02/2012 SP 2 SJ Web Edition ;
; Revision Name                      ; mips                                          ;
; Top-level Entity Name              ; MIPS                                          ;
; Family                             ; Cyclone II                                    ;
; Total logic elements               ; 3,110                                         ;
;     Total combinational functions  ; 2,198                                         ;
;     Dedicated logic registers      ; 1,223                                         ;
; Total registers                    ; 1223                                          ;
; Total pins                         ; 49                                            ;
; Total virtual pins                 ; 0                                             ;
; Total memory bits                  ; 16,384                                        ;
; Embedded Multiplier 9-bit elements ; 0                                             ;
; Total PLLs                         ; 0                                             ;
+------------------------------------+-----------------------------------------------+


+----------------------------------------------------------------------------------------------------------------------+
; Analysis & Synthesis Settings                                                                                        ;
+----------------------------------------------------------------------------+--------------------+--------------------+
; Option                                                                     ; Setting            ; Default Value      ;
+----------------------------------------------------------------------------+--------------------+--------------------+
; Device                                                                     ; EP2C20F484C7       ;                    ;
; Top-level entity name                                                      ; mips               ; mips               ;
; Family name                                                                ; Cyclone II         ; Cyclone IV GX      ;
; Use smart compilation                                                      ; Off                ; Off                ;
; Enable parallel Assembler and TimeQuest Timing Analyzer during compilation ; On                 ; On                 ;
; Enable compact report table                                                ; Off                ; Off                ;
; Restructure Multiplexers                                                   ; Auto               ; Auto               ;
; Create Debugging Nodes for IP Cores                                        ; Off                ; Off                ;
; Preserve fewer node names                                                  ; On                 ; On                 ;
; Disable OpenCore Plus hardware evaluation                                  ; Off                ; Off                ;
; Verilog Version                                                            ; Verilog_2001       ; Verilog_2001       ;
; VHDL Version                                                               ; VHDL_1993          ; VHDL_1993          ;
; State Machine Processing                                                   ; Auto               ; Auto               ;
; Safe State Machine                                                         ; Off                ; Off                ;
; Extract Verilog State Machines                                             ; On                 ; On                 ;
; Extract VHDL State Machines                                                ; On                 ; On                 ;
; Ignore Verilog initial constructs                                          ; Off                ; Off                ;
; Iteration limit for constant Verilog loops                                 ; 5000               ; 5000               ;
; Iteration limit for non-constant Verilog loops                             ; 250                ; 250                ;
; Add Pass-Through Logic to Inferred RAMs                                    ; On                 ; On                 ;
; Infer RAMs from Raw Logic                                                  ; On                 ; On                 ;
; Parallel Synthesis                                                         ; Off                ; Off                ;
; DSP Block Balancing                                                        ; Auto               ; Auto               ;
; NOT Gate Push-Back                                                         ; On                 ; On                 ;
; Power-Up Don't Care                                                        ; On                 ; On                 ;
; Remove Redundant Logic Cells                                               ; Off                ; Off                ;
; Remove Duplicate Registers                                                 ; On                 ; On                 ;
; Ignore CARRY Buffers                                                       ; Off                ; Off                ;
; Ignore CASCADE Buffers                                                     ; Off                ; Off                ;
; Ignore GLOBAL Buffers                                                      ; Off                ; Off                ;
; Ignore ROW GLOBAL Buffers                                                  ; Off                ; Off                ;
; Ignore LCELL Buffers                                                       ; Off                ; Off                ;
; Ignore SOFT Buffers                                                        ; On                 ; On                 ;
; Limit AHDL Integers to 32 Bits                                             ; Off                ; Off                ;
; Optimization Technique                                                     ; Balanced           ; Balanced           ;
; Carry Chain Length                                                         ; 70                 ; 70                 ;
; Auto Carry Chains                                                          ; On                 ; On                 ;
; Auto Open-Drain Pins                                                       ; On                 ; On                 ;
; Perform WYSIWYG Primitive Resynthesis                                      ; Off                ; Off                ;
; Auto ROM Replacement                                                       ; On                 ; On                 ;
; Auto RAM Replacement                                                       ; On                 ; On                 ;
; Auto Shift Register Replacement                                            ; Auto               ; Auto               ;
; Allow Shift Register Merging across Hierarchies                            ; Auto               ; Auto               ;
; Auto Clock Enable Replacement                                              ; On                 ; On                 ;
; Strict RAM Replacement                                                     ; Off                ; Off                ;
; Allow Synchronous Control Signals                                          ; On                 ; On                 ;
; Force Use of Synchronous Clear Signals                                     ; Off                ; Off                ;
; Auto RAM to Logic Cell Conversion                                          ; Off                ; Off                ;
; Auto Resource Sharing                                                      ; Off                ; Off                ;
; Allow Any RAM Size For Recognition                                         ; Off                ; Off                ;
; Allow Any ROM Size For Recognition                                         ; Off                ; Off                ;
; Allow Any Shift Register Size For Recognition                              ; Off                ; Off                ;
; Use LogicLock Constraints during Resource Balancing                        ; On                 ; On                 ;
; Ignore translate_off and synthesis_off directives                          ; Off                ; Off                ;
; Timing-Driven Synthesis                                                    ; Off                ; Off                ;
; Report Parameter Settings                                                  ; On                 ; On                 ;
; Report Source Assignments                                                  ; On                 ; On                 ;
; Report Connectivity Checks                                                 ; On                 ; On                 ;
; Ignore Maximum Fan-Out Assignments                                         ; Off                ; Off                ;
; Synchronization Register Chain Length                                      ; 2                  ; 2                  ;
; PowerPlay Power Optimization                                               ; Normal compilation ; Normal compilation ;
; HDL message level                                                          ; Level2             ; Level2             ;
; Suppress Register Optimization Related Messages                            ; Off                ; Off                ;
; Number of Removed Registers Reported in Synthesis Report                   ; 5000               ; 5000               ;
; Number of Swept Nodes Reported in Synthesis Report                         ; 5000               ; 5000               ;
; Number of Inverted Registers Reported in Synthesis Report                  ; 100                ; 100                ;
; Clock MUX Protection                                                       ; On                 ; On                 ;
; Auto Gated Clock Conversion                                                ; Off                ; Off                ;
; Block Design Naming                                                        ; Auto               ; Auto               ;
; SDC constraint protection                                                  ; Off                ; Off                ;
; Synthesis Effort                                                           ; Auto               ; Auto               ;
; Shift Register Replacement - Allow Asynchronous Clear Signal               ; On                 ; On                 ;
; Analysis & Synthesis Message Level                                         ; Medium             ; Medium             ;
; Disable Register Merging Across Hierarchies                                ; Auto               ; Auto               ;
; Resource Aware Inference For Block RAM                                     ; On                 ; On                 ;
; Synthesis Seed                                                             ; 1                  ; 1                  ;
+----------------------------------------------------------------------------+--------------------+--------------------+


Parallel compilation was disabled, but you have multiple processors available. Enable parallel compilation to reduce compilation time.
+-------------------------------------+
; Parallel Compilation                ;
+----------------------------+--------+
; Processors                 ; Number ;
+----------------------------+--------+
; Number detected on machine ; 4      ;
; Maximum allowed            ; 1      ;
+----------------------------+--------+


+---------------------------------------------------------------------------------------------------------------------------------------------------------------------------------+
; Analysis & Synthesis Source Files Read                                                                                                                                          ;
+----------------------------------+-----------------+----------------------------------------+-------------------------------------------------------------------------+---------+
; File Name with User-Entered Path ; Used in Netlist ; File Type                              ; File Name with Absolute Path                                            ; Library ;
+----------------------------------+-----------------+----------------------------------------+-------------------------------------------------------------------------+---------+
; CONTROL.VHD                      ; yes             ; User VHDL File                         ; C:/Users/GUI/Desktop/cse430_project/single cycle/CONTROL.VHD            ;         ;
; DMEMORY.VHD                      ; yes             ; User VHDL File                         ; C:/Users/GUI/Desktop/cse430_project/single cycle/DMEMORY.VHD            ;         ;
; EXECUTE.VHD                      ; yes             ; User VHDL File                         ; C:/Users/GUI/Desktop/cse430_project/single cycle/EXECUTE.VHD            ;         ;
; IDECODE.VHD                      ; yes             ; User VHDL File                         ; C:/Users/GUI/Desktop/cse430_project/single cycle/IDECODE.VHD            ;         ;
; IFETCH.VHD                       ; yes             ; User VHDL File                         ; C:/Users/GUI/Desktop/cse430_project/single cycle/IFETCH.VHD             ;         ;
; MIPS.vhd                         ; yes             ; User VHDL File                         ; C:/Users/GUI/Desktop/cse430_project/single cycle/MIPS.vhd               ;         ;
; sevenSegment4.vhd                ; yes             ; User VHDL File                         ; C:/Users/GUI/Desktop/cse430_project/single cycle/sevenSegment4.vhd      ;         ;
; altsyncram.tdf                   ; yes             ; Megafunction                           ; c:/altera/12.0sp2/quartus/libraries/megafunctions/altsyncram.tdf        ;         ;
; stratix_ram_block.inc            ; yes             ; Megafunction                           ; c:/altera/12.0sp2/quartus/libraries/megafunctions/stratix_ram_block.inc ;         ;
; lpm_mux.inc                      ; yes             ; Megafunction                           ; c:/altera/12.0sp2/quartus/libraries/megafunctions/lpm_mux.inc           ;         ;
; lpm_decode.inc                   ; yes             ; Megafunction                           ; c:/altera/12.0sp2/quartus/libraries/megafunctions/lpm_decode.inc        ;         ;
; aglobal120.inc                   ; yes             ; Megafunction                           ; c:/altera/12.0sp2/quartus/libraries/megafunctions/aglobal120.inc        ;         ;
; a_rdenreg.inc                    ; yes             ; Megafunction                           ; c:/altera/12.0sp2/quartus/libraries/megafunctions/a_rdenreg.inc         ;         ;
; altrom.inc                       ; yes             ; Megafunction                           ; c:/altera/12.0sp2/quartus/libraries/megafunctions/altrom.inc            ;         ;
; altram.inc                       ; yes             ; Megafunction                           ; c:/altera/12.0sp2/quartus/libraries/megafunctions/altram.inc            ;         ;
; altdpram.inc                     ; yes             ; Megafunction                           ; c:/altera/12.0sp2/quartus/libraries/megafunctions/altdpram.inc          ;         ;
; db/altsyncram_75n3.tdf           ; yes             ; Auto-Generated Megafunction            ; C:/Users/GUI/Desktop/cse430_project/single cycle/db/altsyncram_75n3.tdf ;         ;
; lcs.mif                          ; yes             ; Auto-Found Memory Initialization File  ; C:/Users/GUI/Desktop/cse430_project/single cycle/lcs.mif                ;         ;
; db/altsyncram_2cp3.tdf           ; yes             ; Auto-Generated Megafunction            ; C:/Users/GUI/Desktop/cse430_project/single cycle/db/altsyncram_2cp3.tdf ;         ;
; mlcs.mif                         ; yes             ; Auto-Found Memory Initialization File  ; C:/Users/GUI/Desktop/cse430_project/single cycle/mlcs.mif               ;         ;
+----------------------------------+-----------------+----------------------------------------+-------------------------------------------------------------------------+---------+


+-----------------------------------------------------+
; Analysis & Synthesis Resource Usage Summary         ;
+---------------------------------------------+-------+
; Resource                                    ; Usage ;
+---------------------------------------------+-------+
; Estimated Total logic elements              ; 3,110 ;
;                                             ;       ;
; Total combinational functions               ; 2198  ;
; Logic element usage by number of LUT inputs ;       ;
;     -- 4 input functions                    ; 1816  ;
;     -- 3 input functions                    ; 195   ;
;     -- <=2 input functions                  ; 187   ;
;                                             ;       ;
; Logic elements by mode                      ;       ;
;     -- normal mode                          ; 2122  ;
;     -- arithmetic mode                      ; 76    ;
;                                             ;       ;
; Total registers                             ; 1223  ;
;     -- Dedicated logic registers            ; 1223  ;
;     -- I/O registers                        ; 0     ;
;                                             ;       ;
; I/O pins                                    ; 49    ;
; Total memory bits                           ; 16384 ;
; Maximum fan-out node                        ; clock ;
; Maximum fan-out                             ; 1288  ;
; Total fan-out                               ; 13390 ;
; Average fan-out                             ; 3.79  ;
+---------------------------------------------+-------+


+------------------------------------------------------------------------------------------------------------------------------------------------------------------------------------------------------------------------------------------------+
; Analysis & Synthesis Resource Utilization by Entity                                                                                                                                                                                            ;
+-------------------------------------------+-------------------+--------------+-------------+--------------+---------+-----------+------+--------------+-------------------------------------------------------------------------+--------------+
; Compilation Hierarchy Node                ; LC Combinationals ; LC Registers ; Memory Bits ; DSP Elements ; DSP 9x9 ; DSP 18x18 ; Pins ; Virtual Pins ; Full Hierarchy Name                                                     ; Library Name ;
+-------------------------------------------+-------------------+--------------+-------------+--------------+---------+-----------+------+--------------+-------------------------------------------------------------------------+--------------+
; |MIPS                                     ; 2198 (366)        ; 1223 (163)   ; 16384       ; 0            ; 0       ; 0         ; 49   ; 0            ; |MIPS                                                                   ;              ;
;    |Execute:EXE|                          ; 188 (188)         ; 0 (0)        ; 0           ; 0            ; 0       ; 0         ; 0    ; 0            ; |MIPS|Execute:EXE                                                       ;              ;
;    |Idecode:ID|                           ; 1554 (1554)       ; 992 (992)    ; 0           ; 0            ; 0       ; 0         ; 0    ; 0            ; |MIPS|Idecode:ID                                                        ;              ;
;    |Ifetch:IFE|                           ; 51 (51)           ; 40 (40)      ; 8192        ; 0            ; 0       ; 0         ; 0    ; 0            ; |MIPS|Ifetch:IFE                                                        ;              ;
;       |altsyncram:inst_memory|            ; 0 (0)             ; 0 (0)        ; 8192        ; 0            ; 0       ; 0         ; 0    ; 0            ; |MIPS|Ifetch:IFE|altsyncram:inst_memory                                 ;              ;
;          |altsyncram_75n3:auto_generated| ; 0 (0)             ; 0 (0)        ; 8192        ; 0            ; 0       ; 0         ; 0    ; 0            ; |MIPS|Ifetch:IFE|altsyncram:inst_memory|altsyncram_75n3:auto_generated  ;              ;
;    |control:CTL|                          ; 11 (11)           ; 0 (0)        ; 0           ; 0            ; 0       ; 0         ; 0    ; 0            ; |MIPS|control:CTL                                                       ;              ;
;    |dmemory:MEM|                          ; 0 (0)             ; 0 (0)        ; 8192        ; 0            ; 0       ; 0         ; 0    ; 0            ; |MIPS|dmemory:MEM                                                       ;              ;
;       |altsyncram:data_memory|            ; 0 (0)             ; 0 (0)        ; 8192        ; 0            ; 0       ; 0         ; 0    ; 0            ; |MIPS|dmemory:MEM|altsyncram:data_memory                                ;              ;
;          |altsyncram_2cp3:auto_generated| ; 0 (0)             ; 0 (0)        ; 8192        ; 0            ; 0       ; 0         ; 0    ; 0            ; |MIPS|dmemory:MEM|altsyncram:data_memory|altsyncram_2cp3:auto_generated ;              ;
;    |sevenSegment4:SEV4|                   ; 28 (28)           ; 28 (28)      ; 0           ; 0            ; 0       ; 0         ; 0    ; 0            ; |MIPS|sevenSegment4:SEV4                                                ;              ;
+-------------------------------------------+-------------------+--------------+-------------+--------------+---------+-----------+------+--------------+-------------------------------------------------------------------------+--------------+
Note: For table entries with two numbers listed, the numbers in parentheses indicate the number of resources of the given type used by the specific entity alone. The numbers listed outside of parentheses indicate the total resources of the given type used by the specific entity and all of its sub-entities in the hierarchy.


+---------------------------------------------------------------------------------------------------------------------------------------------------------------------------------+
; Analysis & Synthesis RAM Summary                                                                                                                                                ;
+------------------------------------------------------------------------------+------+-------------+--------------+--------------+--------------+--------------+------+----------+
; Name                                                                         ; Type ; Mode        ; Port A Depth ; Port A Width ; Port B Depth ; Port B Width ; Size ; MIF      ;
+------------------------------------------------------------------------------+------+-------------+--------------+--------------+--------------+--------------+------+----------+
; Ifetch:IFE|altsyncram:inst_memory|altsyncram_75n3:auto_generated|ALTSYNCRAM  ; AUTO ; ROM         ; 256          ; 32           ; --           ; --           ; 8192 ; LCS.mif  ;
; dmemory:MEM|altsyncram:data_memory|altsyncram_2cp3:auto_generated|ALTSYNCRAM ; AUTO ; Single Port ; 256          ; 32           ; --           ; --           ; 8192 ; MLCS.mif ;
+------------------------------------------------------------------------------+------+-------------+--------------+--------------+--------------+--------------+------+----------+


+--------------------------------------------------------------------------------------+
; Registers Removed During Synthesis                                                   ;
+----------------------------------------+---------------------------------------------+
; Register name                          ; Reason for Removal                          ;
+----------------------------------------+---------------------------------------------+
; Idecode:ID|register_array[0][29]       ; Stuck at GND due to stuck port clock_enable ;
; Idecode:ID|register_array[0][0]        ; Stuck at GND due to stuck port clock_enable ;
; Idecode:ID|register_array[0][1]        ; Stuck at GND due to stuck port clock_enable ;
; Idecode:ID|register_array[0][2]        ; Stuck at GND due to stuck port clock_enable ;
; Idecode:ID|register_array[0][3]        ; Stuck at GND due to stuck port clock_enable ;
; Idecode:ID|register_array[0][4]        ; Stuck at GND due to stuck port clock_enable ;
; Idecode:ID|register_array[0][5]        ; Stuck at GND due to stuck port clock_enable ;
; Idecode:ID|register_array[0][6]        ; Stuck at GND due to stuck port clock_enable ;
; Idecode:ID|register_array[0][7]        ; Stuck at GND due to stuck port clock_enable ;
; Idecode:ID|register_array[0][8]        ; Stuck at GND due to stuck port clock_enable ;
; Idecode:ID|register_array[0][9]        ; Stuck at GND due to stuck port clock_enable ;
; Idecode:ID|register_array[0][10]       ; Stuck at GND due to stuck port clock_enable ;
; Idecode:ID|register_array[0][11]       ; Stuck at GND due to stuck port clock_enable ;
; Idecode:ID|register_array[0][12]       ; Stuck at GND due to stuck port clock_enable ;
; Idecode:ID|register_array[0][13]       ; Stuck at GND due to stuck port clock_enable ;
; Idecode:ID|register_array[0][14]       ; Stuck at GND due to stuck port clock_enable ;
; Idecode:ID|register_array[0][15]       ; Stuck at GND due to stuck port clock_enable ;
; Idecode:ID|register_array[0][16]       ; Stuck at GND due to stuck port clock_enable ;
; Idecode:ID|register_array[0][17]       ; Stuck at GND due to stuck port clock_enable ;
; Idecode:ID|register_array[0][18]       ; Stuck at GND due to stuck port clock_enable ;
; Idecode:ID|register_array[0][19]       ; Stuck at GND due to stuck port clock_enable ;
; Idecode:ID|register_array[0][20]       ; Stuck at GND due to stuck port clock_enable ;
; Idecode:ID|register_array[0][21]       ; Stuck at GND due to stuck port clock_enable ;
; Idecode:ID|register_array[0][22]       ; Stuck at GND due to stuck port clock_enable ;
; Idecode:ID|register_array[0][23]       ; Stuck at GND due to stuck port clock_enable ;
; Idecode:ID|register_array[0][24]       ; Stuck at GND due to stuck port clock_enable ;
; Idecode:ID|register_array[0][25]       ; Stuck at GND due to stuck port clock_enable ;
; Idecode:ID|register_array[0][26]       ; Stuck at GND due to stuck port clock_enable ;
; Idecode:ID|register_array[0][27]       ; Stuck at GND due to stuck port clock_enable ;
; Idecode:ID|register_array[0][28]       ; Stuck at GND due to stuck port clock_enable ;
; Idecode:ID|register_array[0][30]       ; Stuck at GND due to stuck port clock_enable ;
; Idecode:ID|register_array[0][31]       ; Stuck at GND due to stuck port clock_enable ;
; Total Number of Removed Registers = 32 ;                                             ;
+----------------------------------------+---------------------------------------------+


+------------------------------------------------------+
; General Register Statistics                          ;
+----------------------------------------------+-------+
; Statistic                                    ; Value ;
+----------------------------------------------+-------+
; Total registers                              ; 1223  ;
; Number of registers using Synchronous Clear  ; 72    ;
; Number of registers using Synchronous Load   ; 0     ;
; Number of registers using Asynchronous Clear ; 992   ;
; Number of registers using Asynchronous Load  ; 0     ;
; Number of registers using Clock Enable       ; 1064  ;
; Number of registers using Preset             ; 0     ;
+----------------------------------------------+-------+


+---------------------------------------------------+
; Inverted Register Statistics                      ;
+-----------------------------------------+---------+
; Inverted Register                       ; Fan out ;
+-----------------------------------------+---------+
; Idecode:ID|register_array[6][2]         ; 2       ;
; Idecode:ID|register_array[5][2]         ; 2       ;
; Idecode:ID|register_array[4][2]         ; 2       ;
; Idecode:ID|register_array[7][2]         ; 2       ;
; Idecode:ID|register_array[14][2]        ; 3       ;
; Idecode:ID|register_array[13][2]        ; 3       ;
; Idecode:ID|register_array[12][2]        ; 3       ;
; Idecode:ID|register_array[15][2]        ; 3       ;
; Idecode:ID|register_array[21][2]        ; 2       ;
; Idecode:ID|register_array[29][2]        ; 2       ;
; Idecode:ID|register_array[22][2]        ; 2       ;
; Idecode:ID|register_array[30][2]        ; 2       ;
; Idecode:ID|register_array[20][2]        ; 2       ;
; Idecode:ID|register_array[28][2]        ; 2       ;
; Idecode:ID|register_array[23][2]        ; 2       ;
; Idecode:ID|register_array[31][2]        ; 2       ;
; Idecode:ID|register_array[9][0]         ; 3       ;
; Idecode:ID|register_array[11][0]        ; 3       ;
; Idecode:ID|register_array[5][0]         ; 2       ;
; Idecode:ID|register_array[7][0]         ; 2       ;
; Idecode:ID|register_array[1][0]         ; 2       ;
; Idecode:ID|register_array[3][0]         ; 2       ;
; Idecode:ID|register_array[13][0]        ; 3       ;
; Idecode:ID|register_array[15][0]        ; 3       ;
; Idecode:ID|register_array[25][0]        ; 3       ;
; Idecode:ID|register_array[21][0]        ; 2       ;
; Idecode:ID|register_array[17][0]        ; 2       ;
; Idecode:ID|register_array[29][0]        ; 2       ;
; Idecode:ID|register_array[27][0]        ; 2       ;
; Idecode:ID|register_array[23][0]        ; 2       ;
; Idecode:ID|register_array[19][0]        ; 2       ;
; Idecode:ID|register_array[31][0]        ; 2       ;
; Idecode:ID|register_array[6][1]         ; 2       ;
; Idecode:ID|register_array[7][1]         ; 2       ;
; Idecode:ID|register_array[10][1]        ; 3       ;
; Idecode:ID|register_array[11][1]        ; 3       ;
; Idecode:ID|register_array[3][1]         ; 2       ;
; Idecode:ID|register_array[2][1]         ; 2       ;
; Idecode:ID|register_array[14][1]        ; 3       ;
; Idecode:ID|register_array[15][1]        ; 3       ;
; Idecode:ID|register_array[26][1]        ; 2       ;
; Idecode:ID|register_array[22][1]        ; 2       ;
; Idecode:ID|register_array[18][1]        ; 2       ;
; Idecode:ID|register_array[30][1]        ; 2       ;
; Idecode:ID|register_array[23][1]        ; 2       ;
; Idecode:ID|register_array[27][1]        ; 2       ;
; Idecode:ID|register_array[19][1]        ; 2       ;
; Idecode:ID|register_array[31][1]        ; 2       ;
; Idecode:ID|register_array[9][3]         ; 3       ;
; Idecode:ID|register_array[10][3]        ; 3       ;
; Idecode:ID|register_array[8][3]         ; 4       ;
; Idecode:ID|register_array[11][3]        ; 3       ;
; Idecode:ID|register_array[14][3]        ; 3       ;
; Idecode:ID|register_array[13][3]        ; 3       ;
; Idecode:ID|register_array[12][3]        ; 3       ;
; Idecode:ID|register_array[15][3]        ; 3       ;
; Idecode:ID|register_array[25][3]        ; 3       ;
; Idecode:ID|register_array[29][3]        ; 2       ;
; Idecode:ID|register_array[26][3]        ; 2       ;
; Idecode:ID|register_array[30][3]        ; 2       ;
; Idecode:ID|register_array[24][3]        ; 3       ;
; Idecode:ID|register_array[28][3]        ; 2       ;
; Idecode:ID|register_array[27][3]        ; 2       ;
; Idecode:ID|register_array[31][3]        ; 2       ;
; Idecode:ID|register_array[25][4]        ; 3       ;
; Idecode:ID|register_array[21][4]        ; 2       ;
; Idecode:ID|register_array[17][4]        ; 2       ;
; Idecode:ID|register_array[29][4]        ; 2       ;
; Idecode:ID|register_array[22][4]        ; 2       ;
; Idecode:ID|register_array[26][4]        ; 2       ;
; Idecode:ID|register_array[18][4]        ; 2       ;
; Idecode:ID|register_array[30][4]        ; 2       ;
; Idecode:ID|register_array[20][4]        ; 2       ;
; Idecode:ID|register_array[24][4]        ; 3       ;
; Idecode:ID|register_array[16][4]        ; 2       ;
; Idecode:ID|register_array[28][4]        ; 2       ;
; Idecode:ID|register_array[27][4]        ; 2       ;
; Idecode:ID|register_array[23][4]        ; 2       ;
; Idecode:ID|register_array[19][4]        ; 2       ;
; Idecode:ID|register_array[31][4]        ; 2       ;
; Total number of inverted registers = 80 ;         ;
+-----------------------------------------+---------+


+----------------------------------------------------------------------------------------------------------------------------------------------------------------+
; Multiplexer Restructuring Statistics (Restructuring Performed)                                                                                                 ;
+--------------------+-----------+---------------+----------------------+------------------------+----------------------------------+----------------------------+
; Multiplexer Inputs ; Bus Width ; Baseline Area ; Area if Restructured ; Saving if Restructured ; Registered                       ; Example Multiplexer Output ;
+--------------------+-----------+---------------+----------------------+------------------------+----------------------------------+----------------------------+
; 3:1                ; 53 bits   ; 106 LEs       ; 106 LEs              ; 0 LEs                  ; |MIPS|branchP                    ;                            ;
; 3:1                ; 40 bits   ; 80 LEs        ; 40 LEs               ; 40 LEs                 ; |MIPS|InstructionP[8]            ;                            ;
; 3:1                ; 8 bits    ; 16 LEs        ; 16 LEs               ; 0 LEs                  ; |MIPS|Add_resultP[3]             ;                            ;
; 3:1                ; 16 bits   ; 32 LEs        ; 16 LEs               ; 16 LEs                 ; |MIPS|Ifetch:IFE|wrongS[9]       ;                            ;
; 3:1                ; 32 bits   ; 64 LEs        ; 64 LEs               ; 0 LEs                  ; |MIPS|read_dataP[5]              ;                            ;
; 4:1                ; 16 bits   ; 32 LEs        ; 16 LEs               ; 16 LEs                 ; |MIPS|ALU_resultP[25]            ;                            ;
; 4:1                ; 16 bits   ; 32 LEs        ; 16 LEs               ; 16 LEs                 ; |MIPS|Ifetch:IFE|correctS[12]    ;                            ;
; 4:1                ; 3 bits    ; 6 LEs         ; 3 LEs                ; 3 LEs                  ; |MIPS|RegWriteP                  ;                            ;
; 5:1                ; 5 bits    ; 15 LEs        ; 10 LEs               ; 5 LEs                  ; |MIPS|write_register_addressP[0] ;                            ;
; 3:1                ; 8 bits    ; 16 LEs        ; 16 LEs               ; 0 LEs                  ; |MIPS|Ifetch:IFE|Mem_Addr[0]     ;                            ;
; 5:1                ; 32 bits   ; 96 LEs        ; 0 LEs                ; 96 LEs                 ; |MIPS|Execute:EXE|Add1           ;                            ;
; 5:1                ; 32 bits   ; 96 LEs        ; 32 LEs               ; 64 LEs                 ; |MIPS|Execute:EXE|Add1           ;                            ;
; 8:1                ; 32 bits   ; 160 LEs       ; 64 LEs               ; 96 LEs                 ; |MIPS|Execute:EXE|Mux2           ;                            ;
; 34:1               ; 32 bits   ; 704 LEs       ; 704 LEs              ; 0 LEs                  ; |MIPS|Idecode:ID|read_data_1[0]  ;                            ;
; 34:1               ; 32 bits   ; 704 LEs       ; 704 LEs              ; 0 LEs                  ; |MIPS|Idecode:ID|read_data_2[0]  ;                            ;
; 130:1              ; 2 bits    ; 172 LEs       ; 20 LEs               ; 152 LEs                ; |MIPS|numberDesiredToDisplay[0]  ;                            ;
; 130:1              ; 6 bits    ; 516 LEs       ; 72 LEs               ; 444 LEs                ; |MIPS|numberDesiredToDisplay[11] ;                            ;
; 130:1              ; 6 bits    ; 516 LEs       ; 60 LEs               ; 456 LEs                ; |MIPS|numberDesiredToDisplay[6]  ;                            ;
; 130:1              ; 2 bits    ; 172 LEs       ; 24 LEs               ; 148 LEs                ; |MIPS|numberDesiredToDisplay[8]  ;                            ;
+--------------------+-----------+---------------+----------------------+------------------------+----------------------------------+----------------------------+


+-----------------------------------------------------------------------------------------+
; Source assignments for Ifetch:IFE|altsyncram:inst_memory|altsyncram_75n3:auto_generated ;
+---------------------------------+--------------------+------+---------------------------+
; Assignment                      ; Value              ; From ; To                        ;
+---------------------------------+--------------------+------+---------------------------+
; OPTIMIZE_POWER_DURING_SYNTHESIS ; NORMAL_COMPILATION ; -    ; -                         ;
+---------------------------------+--------------------+------+---------------------------+


+------------------------------------------------------------------------------------------+
; Source assignments for dmemory:MEM|altsyncram:data_memory|altsyncram_2cp3:auto_generated ;
+---------------------------------+--------------------+------+----------------------------+
; Assignment                      ; Value              ; From ; To                         ;
+---------------------------------+--------------------+------+----------------------------+
; OPTIMIZE_POWER_DURING_SYNTHESIS ; NORMAL_COMPILATION ; -    ; -                          ;
+---------------------------------+--------------------+------+----------------------------+


+--------------------------------------------------------------------------------+
; Parameter Settings for User Entity Instance: Ifetch:IFE|altsyncram:inst_memory ;
+------------------------------------+----------------------+--------------------+
; Parameter Name                     ; Value                ; Type               ;
+------------------------------------+----------------------+--------------------+
; BYTE_SIZE_BLOCK                    ; 8                    ; Untyped            ;
; AUTO_CARRY_CHAINS                  ; ON                   ; AUTO_CARRY         ;
; IGNORE_CARRY_BUFFERS               ; OFF                  ; IGNORE_CARRY       ;
; AUTO_CASCADE_CHAINS                ; ON                   ; AUTO_CASCADE       ;
; IGNORE_CASCADE_BUFFERS             ; OFF                  ; IGNORE_CASCADE     ;
; WIDTH_BYTEENA                      ; 1                    ; Untyped            ;
; OPERATION_MODE                     ; ROM                  ; Untyped            ;
; WIDTH_A                            ; 32                   ; Signed Integer     ;
; WIDTHAD_A                          ; 8                    ; Signed Integer     ;
; NUMWORDS_A                         ; 0                    ; Signed Integer     ;
; OUTDATA_REG_A                      ; UNREGISTERED         ; Untyped            ;
; ADDRESS_ACLR_A                     ; NONE                 ; Untyped            ;
; OUTDATA_ACLR_A                     ; NONE                 ; Untyped            ;
; WRCONTROL_ACLR_A                   ; NONE                 ; Untyped            ;
; INDATA_ACLR_A                      ; NONE                 ; Untyped            ;
; BYTEENA_ACLR_A                     ; NONE                 ; Untyped            ;
; WIDTH_B                            ; 1                    ; Signed Integer     ;
; WIDTHAD_B                          ; 1                    ; Signed Integer     ;
; NUMWORDS_B                         ; 0                    ; Signed Integer     ;
; INDATA_REG_B                       ; CLOCK1               ; Untyped            ;
; WRCONTROL_WRADDRESS_REG_B          ; CLOCK1               ; Untyped            ;
; RDCONTROL_REG_B                    ; CLOCK1               ; Untyped            ;
; ADDRESS_REG_B                      ; CLOCK1               ; Untyped            ;
; OUTDATA_REG_B                      ; UNREGISTERED         ; Untyped            ;
; BYTEENA_REG_B                      ; CLOCK1               ; Untyped            ;
; INDATA_ACLR_B                      ; NONE                 ; Untyped            ;
; WRCONTROL_ACLR_B                   ; NONE                 ; Untyped            ;
; ADDRESS_ACLR_B                     ; NONE                 ; Untyped            ;
; OUTDATA_ACLR_B                     ; NONE                 ; Untyped            ;
; RDCONTROL_ACLR_B                   ; NONE                 ; Untyped            ;
; BYTEENA_ACLR_B                     ; NONE                 ; Untyped            ;
; WIDTH_BYTEENA_A                    ; 1                    ; Signed Integer     ;
; WIDTH_BYTEENA_B                    ; 1                    ; Signed Integer     ;
; RAM_BLOCK_TYPE                     ; AUTO                 ; Untyped            ;
; BYTE_SIZE                          ; 8                    ; Signed Integer     ;
; READ_DURING_WRITE_MODE_MIXED_PORTS ; DONT_CARE            ; Untyped            ;
; READ_DURING_WRITE_MODE_PORT_A      ; NEW_DATA_NO_NBE_READ ; Untyped            ;
; READ_DURING_WRITE_MODE_PORT_B      ; NEW_DATA_NO_NBE_READ ; Untyped            ;
; INIT_FILE                          ; LCS.mif              ; Untyped            ;
; INIT_FILE_LAYOUT                   ; PORT_A               ; Untyped            ;
; MAXIMUM_DEPTH                      ; 0                    ; Signed Integer     ;
; CLOCK_ENABLE_INPUT_A               ; NORMAL               ; Untyped            ;
; CLOCK_ENABLE_INPUT_B               ; NORMAL               ; Untyped            ;
; CLOCK_ENABLE_OUTPUT_A              ; NORMAL               ; Untyped            ;
; CLOCK_ENABLE_OUTPUT_B              ; NORMAL               ; Untyped            ;
; CLOCK_ENABLE_CORE_A                ; USE_INPUT_CLKEN      ; Untyped            ;
; CLOCK_ENABLE_CORE_B                ; USE_INPUT_CLKEN      ; Untyped            ;
; ENABLE_ECC                         ; FALSE                ; Untyped            ;
; ECC_PIPELINE_STAGE_ENABLED         ; FALSE                ; Untyped            ;
; WIDTH_ECCSTATUS                    ; 3                    ; Signed Integer     ;
; DEVICE_FAMILY                      ; Cyclone II           ; Untyped            ;
; CBXI_PARAMETER                     ; altsyncram_75n3      ; Untyped            ;
+------------------------------------+----------------------+--------------------+
Note: In order to hide this table in the UI and the text report file, please set the "Show Parameter Settings in Synthesis Report" option in "Analysis and Synthesis Settings -> More Settings" to "Off".


+---------------------------------------------------------------------------------+
; Parameter Settings for User Entity Instance: dmemory:MEM|altsyncram:data_memory ;
+------------------------------------+----------------------+---------------------+
; Parameter Name                     ; Value                ; Type                ;
+------------------------------------+----------------------+---------------------+
; BYTE_SIZE_BLOCK                    ; 8                    ; Untyped             ;
; AUTO_CARRY_CHAINS                  ; ON                   ; AUTO_CARRY          ;
; IGNORE_CARRY_BUFFERS               ; OFF                  ; IGNORE_CARRY        ;
; AUTO_CASCADE_CHAINS                ; ON                   ; AUTO_CASCADE        ;
; IGNORE_CASCADE_BUFFERS             ; OFF                  ; IGNORE_CASCADE      ;
; WIDTH_BYTEENA                      ; 1                    ; Untyped             ;
; OPERATION_MODE                     ; SINGLE_PORT          ; Untyped             ;
; WIDTH_A                            ; 32                   ; Signed Integer      ;
; WIDTHAD_A                          ; 8                    ; Signed Integer      ;
; NUMWORDS_A                         ; 0                    ; Signed Integer      ;
; OUTDATA_REG_A                      ; UNREGISTERED         ; Untyped             ;
; ADDRESS_ACLR_A                     ; NONE                 ; Untyped             ;
; OUTDATA_ACLR_A                     ; NONE                 ; Untyped             ;
; WRCONTROL_ACLR_A                   ; NONE                 ; Untyped             ;
; INDATA_ACLR_A                      ; NONE                 ; Untyped             ;
; BYTEENA_ACLR_A                     ; NONE                 ; Untyped             ;
; WIDTH_B                            ; 1                    ; Signed Integer      ;
; WIDTHAD_B                          ; 1                    ; Signed Integer      ;
; NUMWORDS_B                         ; 0                    ; Signed Integer      ;
; INDATA_REG_B                       ; CLOCK1               ; Untyped             ;
; WRCONTROL_WRADDRESS_REG_B          ; CLOCK1               ; Untyped             ;
; RDCONTROL_REG_B                    ; CLOCK1               ; Untyped             ;
; ADDRESS_REG_B                      ; CLOCK1               ; Untyped             ;
; OUTDATA_REG_B                      ; UNREGISTERED         ; Untyped             ;
; BYTEENA_REG_B                      ; CLOCK1               ; Untyped             ;
; INDATA_ACLR_B                      ; NONE                 ; Untyped             ;
; WRCONTROL_ACLR_B                   ; NONE                 ; Untyped             ;
; ADDRESS_ACLR_B                     ; NONE                 ; Untyped             ;
; OUTDATA_ACLR_B                     ; NONE                 ; Untyped             ;
; RDCONTROL_ACLR_B                   ; NONE                 ; Untyped             ;
; BYTEENA_ACLR_B                     ; NONE                 ; Untyped             ;
; WIDTH_BYTEENA_A                    ; 1                    ; Signed Integer      ;
; WIDTH_BYTEENA_B                    ; 1                    ; Signed Integer      ;
; RAM_BLOCK_TYPE                     ; AUTO                 ; Untyped             ;
; BYTE_SIZE                          ; 8                    ; Signed Integer      ;
; READ_DURING_WRITE_MODE_MIXED_PORTS ; DONT_CARE            ; Untyped             ;
; READ_DURING_WRITE_MODE_PORT_A      ; NEW_DATA_NO_NBE_READ ; Untyped             ;
; READ_DURING_WRITE_MODE_PORT_B      ; NEW_DATA_NO_NBE_READ ; Untyped             ;
; INIT_FILE                          ; MLCS.mif             ; Untyped             ;
; INIT_FILE_LAYOUT                   ; PORT_A               ; Untyped             ;
; MAXIMUM_DEPTH                      ; 0                    ; Signed Integer      ;
; CLOCK_ENABLE_INPUT_A               ; NORMAL               ; Untyped             ;
; CLOCK_ENABLE_INPUT_B               ; NORMAL               ; Untyped             ;
; CLOCK_ENABLE_OUTPUT_A              ; NORMAL               ; Untyped             ;
; CLOCK_ENABLE_OUTPUT_B              ; NORMAL               ; Untyped             ;
; CLOCK_ENABLE_CORE_A                ; USE_INPUT_CLKEN      ; Untyped             ;
; CLOCK_ENABLE_CORE_B                ; USE_INPUT_CLKEN      ; Untyped             ;
; ENABLE_ECC                         ; FALSE                ; Untyped             ;
; ECC_PIPELINE_STAGE_ENABLED         ; FALSE                ; Untyped             ;
; WIDTH_ECCSTATUS                    ; 3                    ; Signed Integer      ;
; DEVICE_FAMILY                      ; Cyclone II           ; Untyped             ;
; CBXI_PARAMETER                     ; altsyncram_2cp3      ; Untyped             ;
+------------------------------------+----------------------+---------------------+
Note: In order to hide this table in the UI and the text report file, please set the "Show Parameter Settings in Synthesis Report" option in "Analysis and Synthesis Settings -> More Settings" to "Off".


+--------------------------------------------------------------------------------+
; altsyncram Parameter Settings by Entity Instance                               ;
+-------------------------------------------+------------------------------------+
; Name                                      ; Value                              ;
+-------------------------------------------+------------------------------------+
; Number of entity instances                ; 2                                  ;
; Entity Instance                           ; Ifetch:IFE|altsyncram:inst_memory  ;
;     -- OPERATION_MODE                     ; ROM                                ;
;     -- WIDTH_A                            ; 32                                 ;
;     -- NUMWORDS_A                         ; 0                                  ;
;     -- OUTDATA_REG_A                      ; UNREGISTERED                       ;
;     -- WIDTH_B                            ; 1                                  ;
;     -- NUMWORDS_B                         ; 0                                  ;
;     -- ADDRESS_REG_B                      ; CLOCK1                             ;
;     -- OUTDATA_REG_B                      ; UNREGISTERED                       ;
;     -- RAM_BLOCK_TYPE                     ; AUTO                               ;
;     -- READ_DURING_WRITE_MODE_MIXED_PORTS ; DONT_CARE                          ;
; Entity Instance                           ; dmemory:MEM|altsyncram:data_memory ;
;     -- OPERATION_MODE                     ; SINGLE_PORT                        ;
;     -- WIDTH_A                            ; 32                                 ;
;     -- NUMWORDS_A                         ; 0                                  ;
;     -- OUTDATA_REG_A                      ; UNREGISTERED                       ;
;     -- WIDTH_B                            ; 1                                  ;
;     -- NUMWORDS_B                         ; 0                                  ;
;     -- ADDRESS_REG_B                      ; CLOCK1                             ;
;     -- OUTDATA_REG_B                      ; UNREGISTERED                       ;
;     -- RAM_BLOCK_TYPE                     ; AUTO                               ;
;     -- READ_DURING_WRITE_MODE_MIXED_PORTS ; DONT_CARE                          ;
+-------------------------------------------+------------------------------------+


+------------------------------------------------------------------------------------------------------------------------------+
; Port Connectivity Checks: "Idecode:ID"                                                                                       ;
+--------------------+--------+----------+-------------------------------------------------------------------------------------+
; Port               ; Type   ; Severity ; Details                                                                             ;
+--------------------+--------+----------+-------------------------------------------------------------------------------------+
; registert0[31..16] ; Output ; Info     ; Connected to dangling logic. Logic that only feeds a dangling port will be removed. ;
; registert1[31..16] ; Output ; Info     ; Connected to dangling logic. Logic that only feeds a dangling port will be removed. ;
; registert2[31..16] ; Output ; Info     ; Connected to dangling logic. Logic that only feeds a dangling port will be removed. ;
; registert3[31..16] ; Output ; Info     ; Connected to dangling logic. Logic that only feeds a dangling port will be removed. ;
; registert4[31..16] ; Output ; Info     ; Connected to dangling logic. Logic that only feeds a dangling port will be removed. ;
; registert5[31..16] ; Output ; Info     ; Connected to dangling logic. Logic that only feeds a dangling port will be removed. ;
; registert6[31..16] ; Output ; Info     ; Connected to dangling logic. Logic that only feeds a dangling port will be removed. ;
; registert7[31..16] ; Output ; Info     ; Connected to dangling logic. Logic that only feeds a dangling port will be removed. ;
; registert8[31..16] ; Output ; Info     ; Connected to dangling logic. Logic that only feeds a dangling port will be removed. ;
; registert9[31..16] ; Output ; Info     ; Connected to dangling logic. Logic that only feeds a dangling port will be removed. ;
+--------------------+--------+----------+-------------------------------------------------------------------------------------+


+-------------------------------+
; Elapsed Time Per Partition    ;
+----------------+--------------+
; Partition Name ; Elapsed Time ;
+----------------+--------------+
; Top            ; 00:00:11     ;
+----------------+--------------+


+-------------------------------+
; Analysis & Synthesis Messages ;
+-------------------------------+
Info: *******************************************************************
Info: Running Quartus II 32-bit Analysis & Synthesis
    Info: Version 12.0 Build 263 08/02/2012 Service Pack 2 SJ Web Edition
    Info: Processing started: Mon Dec 10 21:53:30 2012
Info: Command: quartus_map --read_settings_files=on --write_settings_files=off mips -c mips
Warning (20028): Parallel compilation is not licensed and has been disabled
Info (12021): Found 2 design units, including 1 entities, in source file control.vhd
    Info (12022): Found design unit 1: control-behavior
    Info (12023): Found entity 1: control
Info (12021): Found 2 design units, including 1 entities, in source file dmemory.vhd
    Info (12022): Found design unit 1: dmemory-behavior
    Info (12023): Found entity 1: dmemory
Info (12021): Found 2 design units, including 1 entities, in source file execute.vhd
    Info (12022): Found design unit 1: Execute-behavior
    Info (12023): Found entity 1: Execute
Info (12021): Found 2 design units, including 1 entities, in source file idecode.vhd
    Info (12022): Found design unit 1: Idecode-behavior
    Info (12023): Found entity 1: Idecode
Info (12021): Found 2 design units, including 1 entities, in source file ifetch.vhd
    Info (12022): Found design unit 1: Ifetch-behavior
    Info (12023): Found entity 1: Ifetch
Info (12021): Found 2 design units, including 1 entities, in source file mips.vhd
    Info (12022): Found design unit 1: MIPS-structure
    Info (12023): Found entity 1: MIPS
Info (12021): Found 2 design units, including 1 entities, in source file sevensegment4.vhd
    Info (12022): Found design unit 1: sevenSegment4-behavior
    Info (12023): Found entity 1: sevenSegment4
Info (12021): Found 1 design units, including 1 entities, in source file clock.bdf
    Info (12023): Found entity 1: clock
Info (12127): Elaborating entity "mips" for the top level hierarchy
Info (12128): Elaborating entity "Ifetch" for hierarchy "Ifetch:IFE"
Info (12128): Elaborating entity "altsyncram" for hierarchy "Ifetch:IFE|altsyncram:inst_memory"
Info (12130): Elaborated megafunction instantiation "Ifetch:IFE|altsyncram:inst_memory"
Info (12133): Instantiated megafunction "Ifetch:IFE|altsyncram:inst_memory" with the following parameter:
    Info (12134): Parameter "address_aclr_a" = "UNUSED"
    Info (12134): Parameter "address_aclr_b" = "NONE"
    Info (12134): Parameter "address_reg_b" = "CLOCK1"
    Info (12134): Parameter "byte_size" = "8"
    Info (12134): Parameter "byteena_aclr_a" = "UNUSED"
    Info (12134): Parameter "byteena_aclr_b" = "NONE"
    Info (12134): Parameter "byteena_reg_b" = "CLOCK1"
    Info (12134): Parameter "clock_enable_core_a" = "USE_INPUT_CLKEN"
    Info (12134): Parameter "clock_enable_core_b" = "USE_INPUT_CLKEN"
    Info (12134): Parameter "clock_enable_input_a" = "NORMAL"
    Info (12134): Parameter "clock_enable_input_b" = "NORMAL"
    Info (12134): Parameter "clock_enable_output_a" = "NORMAL"
    Info (12134): Parameter "clock_enable_output_b" = "NORMAL"
    Info (12134): Parameter "intended_device_family" = "Cyclone"
    Info (12134): Parameter "ecc_pipeline_stage_enabled" = "FALSE"
    Info (12134): Parameter "enable_ecc" = "FALSE"
    Info (12134): Parameter "implement_in_les" = "OFF"
    Info (12134): Parameter "indata_aclr_a" = "UNUSED"
    Info (12134): Parameter "indata_aclr_b" = "NONE"
    Info (12134): Parameter "indata_reg_b" = "CLOCK1"
    Info (12134): Parameter "init_file" = "LCS.mif"
    Info (12134): Parameter "init_file_layout" = "PORT_A"
    Info (12134): Parameter "maximum_depth" = "0"
    Info (12134): Parameter "numwords_a" = "0"
    Info (12134): Parameter "numwords_b" = "0"
    Info (12134): Parameter "operation_mode" = "ROM"
    Info (12134): Parameter "outdata_aclr_a" = "NONE"
    Info (12134): Parameter "outdata_aclr_b" = "NONE"
    Info (12134): Parameter "outdata_reg_a" = "UNREGISTERED"
    Info (12134): Parameter "outdata_reg_b" = "UNREGISTERED"
    Info (12134): Parameter "power_up_uninitialized" = "FALSE"
    Info (12134): Parameter "ram_block_type" = "AUTO"
    Info (12134): Parameter "rdcontrol_aclr_b" = "NONE"
    Info (12134): Parameter "rdcontrol_reg_b" = "CLOCK1"
    Info (12134): Parameter "read_during_write_mode_mixed_ports" = "DONT_CARE"
    Info (12134): Parameter "read_during_write_mode_port_a" = "NEW_DATA_NO_NBE_READ"
    Info (12134): Parameter "read_during_write_mode_port_b" = "NEW_DATA_NO_NBE_READ"
    Info (12134): Parameter "stratixiv_m144k_allow_dual_clocks" = "ON"
    Info (12134): Parameter "width_a" = "32"
    Info (12134): Parameter "width_b" = "1"
    Info (12134): Parameter "width_byteena_a" = "1"
    Info (12134): Parameter "width_byteena_b" = "1"
    Info (12134): Parameter "width_eccstatus" = "3"
    Info (12134): Parameter "widthad_a" = "8"
    Info (12134): Parameter "widthad_b" = "1"
    Info (12134): Parameter "wrcontrol_aclr_a" = "UNUSED"
    Info (12134): Parameter "wrcontrol_aclr_b" = "NONE"
    Info (12134): Parameter "wrcontrol_wraddress_reg_b" = "CLOCK1"
    Info (12134): Parameter "lpm_hint" = "UNUSED"
    Info (12134): Parameter "lpm_type" = "altsyncram"
Info (12021): Found 1 design units, including 1 entities, in source file db/altsyncram_75n3.tdf
    Info (12023): Found entity 1: altsyncram_75n3
Info (12128): Elaborating entity "altsyncram_75n3" for hierarchy "Ifetch:IFE|altsyncram:inst_memory|altsyncram_75n3:auto_generated"
Info (12128): Elaborating entity "Idecode" for hierarchy "Idecode:ID"
Info (12128): Elaborating entity "control" for hierarchy "control:CTL"
Info (12128): Elaborating entity "Execute" for hierarchy "Execute:EXE"
Info (12128): Elaborating entity "dmemory" for hierarchy "dmemory:MEM"
Info (12128): Elaborating entity "altsyncram" for hierarchy "dmemory:MEM|altsyncram:data_memory"
Info (12130): Elaborated megafunction instantiation "dmemory:MEM|altsyncram:data_memory"
Info (12133): Instantiated megafunction "dmemory:MEM|altsyncram:data_memory" with the following parameter:
    Info (12134): Parameter "address_aclr_a" = "UNUSED"
    Info (12134): Parameter "address_aclr_b" = "NONE"
    Info (12134): Parameter "address_reg_b" = "CLOCK1"
    Info (12134): Parameter "byte_size" = "8"
    Info (12134): Parameter "byteena_aclr_a" = "UNUSED"
    Info (12134): Parameter "byteena_aclr_b" = "NONE"
    Info (12134): Parameter "byteena_reg_b" = "CLOCK1"
    Info (12134): Parameter "clock_enable_core_a" = "USE_INPUT_CLKEN"
    Info (12134): Parameter "clock_enable_core_b" = "USE_INPUT_CLKEN"
    Info (12134): Parameter "clock_enable_input_a" = "NORMAL"
    Info (12134): Parameter "clock_enable_input_b" = "NORMAL"
    Info (12134): Parameter "clock_enable_output_a" = "NORMAL"
    Info (12134): Parameter "clock_enable_output_b" = "NORMAL"
    Info (12134): Parameter "intended_device_family" = "Cyclone"
    Info (12134): Parameter "ecc_pipeline_stage_enabled" = "FALSE"
    Info (12134): Parameter "enable_ecc" = "FALSE"
    Info (12134): Parameter "implement_in_les" = "OFF"
    Info (12134): Parameter "indata_aclr_a" = "UNUSED"
    Info (12134): Parameter "indata_aclr_b" = "NONE"
    Info (12134): Parameter "indata_reg_b" = "CLOCK1"
    Info (12134): Parameter "init_file" = "MLCS.mif"
    Info (12134): Parameter "init_file_layout" = "PORT_A"
    Info (12134): Parameter "maximum_depth" = "0"
    Info (12134): Parameter "numwords_a" = "0"
    Info (12134): Parameter "numwords_b" = "0"
    Info (12134): Parameter "operation_mode" = "SINGLE_PORT"
    Info (12134): Parameter "outdata_aclr_a" = "NONE"
    Info (12134): Parameter "outdata_aclr_b" = "NONE"
    Info (12134): Parameter "outdata_reg_a" = "UNREGISTERED"
    Info (12134): Parameter "outdata_reg_b" = "UNREGISTERED"
    Info (12134): Parameter "power_up_uninitialized" = "FALSE"
    Info (12134): Parameter "ram_block_type" = "AUTO"
    Info (12134): Parameter "rdcontrol_aclr_b" = "NONE"
    Info (12134): Parameter "rdcontrol_reg_b" = "CLOCK1"
    Info (12134): Parameter "read_during_write_mode_mixed_ports" = "DONT_CARE"
    Info (12134): Parameter "read_during_write_mode_port_a" = "NEW_DATA_NO_NBE_READ"
    Info (12134): Parameter "read_during_write_mode_port_b" = "NEW_DATA_NO_NBE_READ"
    Info (12134): Parameter "stratixiv_m144k_allow_dual_clocks" = "ON"
    Info (12134): Parameter "width_a" = "32"
    Info (12134): Parameter "width_b" = "1"
    Info (12134): Parameter "width_byteena_a" = "1"
    Info (12134): Parameter "width_byteena_b" = "1"
    Info (12134): Parameter "width_eccstatus" = "3"
    Info (12134): Parameter "widthad_a" = "8"
    Info (12134): Parameter "widthad_b" = "1"
    Info (12134): Parameter "wrcontrol_aclr_a" = "UNUSED"
    Info (12134): Parameter "wrcontrol_aclr_b" = "NONE"
    Info (12134): Parameter "wrcontrol_wraddress_reg_b" = "CLOCK1"
    Info (12134): Parameter "lpm_hint" = "UNUSED"
    Info (12134): Parameter "lpm_type" = "altsyncram"
Info (12021): Found 1 design units, including 1 entities, in source file db/altsyncram_2cp3.tdf
    Info (12023): Found entity 1: altsyncram_2cp3
Info (12128): Elaborating entity "altsyncram_2cp3" for hierarchy "dmemory:MEM|altsyncram:data_memory|altsyncram_2cp3:auto_generated"
Info (12128): Elaborating entity "sevenSegment4" for hierarchy "sevenSegment4:SEV4"
Warning (19016): Clock multiplexers are found and protected
    Warning (19017): Found clock multiplexer clock
Info (13000): Registers with preset signals will power-up high
Info (13003): DEV_CLRn pin will set, and not reset, register with preset signal due to NOT Gate Push-Back
Info (16010): Generating hard_block partition "hard_block:auto_generated_inst"
    Info (16011): Adding 0 node(s), including 0 DDIO, 0 PLL, 0 transceiver and 0 LCELL
Info (21057): Implemented 3231 device resources after synthesis - the final resource count might be different
    Info (21058): Implemented 13 input pins
    Info (21059): Implemented 36 output pins
    Info (21061): Implemented 3118 logic cells
    Info (21064): Implemented 64 RAM segments
Info: Quartus II 32-bit Analysis & Synthesis was successful. 0 errors, 3 warnings
    Info: Peak virtual memory: 358 megabytes
    Info: Processing ended: Mon Dec 10 21:53:43 2012
    Info: Elapsed time: 00:00:13
    Info: Total CPU time (on all processors): 00:00:13


